<?xml version="1.0" encoding="UTF-8"?>
<!-- Generated by org.testng.reporters.JUnitReportReporter -->
<testsuite hostname="Sylveryn" failures="0" tests="1" name="TextPack02.SwagLabs" time="14.652" errors="0" timestamp="2024-02-01T19:13:37 CST" skipped="0">
  <testcase classname="TextPack02.SwagLabs" name="saucepage" time="14.652"/>
</testsuite> <!-- TextPack02.SwagLabs -->
