<?xml version="1.0" encoding="UTF-8"?>
<!-- Generated by org.testng.reporters.JUnitReportReporter -->
<testsuite hostname="Sylveryn" failures="0" tests="2" name="TestPack.TC01" time="6.345" errors="0" timestamp="2024-02-17T11:18:58 CST" skipped="0">
  <testcase classname="TestPack.TC01" name="doDevlabsfooterValid" time="3.144"/>
  <testcase classname="TestPack.TC01" name="doDevlabsHoverMenuValid" time="3.201"/>
</testsuite> <!-- TestPack.TC01 -->
