<?xml version="1.0" encoding="UTF-8"?>
<!-- Generated by org.testng.reporters.JUnitReportReporter -->
<testsuite hostname="Sylveryn" failures="0" tests="1" name="TestPack.TCLogin" time="3.095" errors="0" timestamp="2024-02-17T11:18:58 CST" skipped="0">
  <testcase classname="TestPack.TCLogin" name="doDevlabsHoverMenuValid" time="3.095"/>
</testsuite> <!-- TestPack.TCLogin -->
